<?xml version="1.0" encoding="UTF-8"?>
<!-- Generated by org.testng.reporters.JUnitReportReporter -->
<testsuite hostname="DESKTOP-I05LRQH" failures="0" tests="8" name="com.testng.DependOnMethods" time="4.757" errors="0" timestamp="2023-03-07T12:31:49 IST" skipped="0">
  <testcase classname="com.testng.DependOnMethods" name="deletecache" time="0.041"/>
  <system-out/>
  <testcase classname="com.testng.DependOnMethods" name="launchBrowser" time="0.126"/>
  <system-out/>
  <testcase classname="com.testng.DependOnMethods" name="setProperty" time="1.265"/>
  <system-out/>
  <testcase classname="com.testng.DependOnMethods" name="username" time="0.085"/>
  <system-out/>
  <testcase classname="com.testng.DependOnMethods" name="closeBrowser" time="0.067"/>
  <system-out/>
  <testcase classname="com.testng.DependOnMethods" name="getURL" time="2.768"/>
  <system-out/>
  <testcase classname="com.testng.DependOnMethods" name="password" time="0.066"/>
  <system-out/>
  <testcase classname="com.testng.DependOnMethods" name="login" time="0.339"/>
  <system-out/>
</testsuite> <!-- com.testng.DependOnMethods -->
