<?xml version="1.0" encoding="UTF-8"?>
<!-- Generated by org.testng.reporters.JUnitReportReporter -->
<testsuite hostname="DESKTOP-I05LRQH" failures="0" tests="2" name="com.testng.CrossBrowser" time="10.585" errors="0" timestamp="2023-03-08T18:42:56 IST" skipped="0">
  <testcase classname="com.testng.CrossBrowser" name="Launch" time="6.403"/>
  <system-out/>
  <testcase classname="com.testng.CrossBrowser" name="chromeLaunch" time="4.182"/>
  <system-out/>
</testsuite> <!-- com.testng.CrossBrowser -->
